<?xml version="1.0" encoding="UTF-8"?>

<mule xmlns:xsi="http://www.w3.org/2001/XMLSchema-instance"
	xmlns:munit="http://www.mulesoft.org/schema/mule/munit" xmlns:munit-tools="http://www.mulesoft.org/schema/mule/munit-tools"
	xmlns="http://www.mulesoft.org/schema/mule/core" xmlns:doc="http://www.mulesoft.org/schema/mule/documentation"
	xsi:schemaLocation="
		http://www.mulesoft.org/schema/mule/core http://www.mulesoft.org/schema/mule/core/current/mule.xsd
		http://www.mulesoft.org/schema/mule/munit http://www.mulesoft.org/schema/mule/munit/current/mule-munit.xsd
		http://www.mulesoft.org/schema/mule/munit-tools  http://www.mulesoft.org/schema/mule/munit-tools/current/mule-munit-tools.xsd">
	<munit:config name="test-helloworld-suite.xml" />
	<munit:test name="test-helloworldFlow-test" doc:id="a6361a70-4007-49ff-b9ed-255e63b8cddc" >
		<munit:behavior >
			<munit:set-event doc:name="Set Input" doc:id="b49f0815-2a62-4501-ba20-8634bc1bf987" >
				<munit:payload value="#[readUrl('classpath://testhelloworldFlowtest\set-event_payload.dwl')]" encoding="UTF-8" />
				<munit:attributes value="#[readUrl('classpath://testhelloworldFlowtest\set-event_attributes.dwl')]" />
			</munit:set-event>
		</munit:behavior>
		<munit:execution >
			<flow-ref doc:name="Flow-ref to test-helloworldFlow" doc:id="1eb090e6-d054-44b3-8392-b4320b65de38" name="test-helloworldFlow"/>
		</munit:execution>
		<munit:validation >
			<munit-tools:assert doc:name="Assert payload" doc:id="af0b58a6-b4e8-4e27-8f85-4bee46036018" message="The payload does not match">
				<munit-tools:that ><![CDATA[#[%dw 2.0
import testhelloworldFlowtest::assert_expression_payload
---
assert_expression_payload::main({payload: payload, attributes: attributes, vars: vars})]]]></munit-tools:that>
			</munit-tools:assert>
		</munit:validation>
	</munit:test>


</mule>
